2020-07-29 19:39:04,851 INFO     save_dir:out.txt
2020-07-29 19:39:04,852 INFO     data_path:data/data.txt
2020-07-29 19:39:04,853 INFO     glove_path:None
2020-07-29 19:39:04,854 INFO     glove:glove.840B.300d
2020-07-29 19:39:04,855 INFO     data_type:sst2
2020-07-29 19:39:04,856 INFO     model_type:RL
2020-07-29 19:39:04,856 INFO     leaf_rnn_type:lstm
2020-07-29 19:39:04,857 INFO     rank_input:h
2020-07-29 19:39:04,857 INFO     word_dim:300
2020-07-29 19:39:04,858 INFO     hidden_dim:None
2020-07-29 19:39:04,858 INFO     clf_hidden_dim:None
2020-07-29 19:39:04,859 INFO     clf_num_layers:None
2020-07-29 19:39:04,859 INFO     dropout:None
2020-07-29 19:39:04,860 INFO     use_batchnorm:False
2020-07-29 19:39:04,860 INFO     cuda:False
2020-07-29 19:39:04,862 INFO     sample_num:3
2020-07-29 19:39:04,862 INFO     rl_weight:0.1
2020-07-29 19:39:04,863 INFO     batch_size:None
2020-07-29 19:39:04,863 INFO     max_epoch:None
2020-07-29 19:39:04,864 INFO     lr:None
2020-07-29 19:39:04,864 INFO     l2reg:None
2020-07-29 19:39:04,865 INFO     clip:None
2020-07-29 19:39:04,865 INFO     optimizer:None
2020-07-29 19:39:04,866 INFO     patience:None
2020-07-29 19:39:04,866 INFO     fix_word_embedding:False
